# JRE version: OpenJDK Runtime Environment (11.0.10) (build 11.0.10+0-b96-7249189)
# Java VM: OpenJDK 64-Bit Server VM (11.0.10+0-b96-7249189, mixed mode, tiered, compressed oops, g1 gc, windows-amd64)
Heap:
 garbage-first heap   total 126976K, used 75596K [0x0000000085c00000, 0x0000000100000000)
  region size 1024K, 48 young (49152K), 7 survivors (7168K)
 Metaspace       used 51441K, capacity 52025K, committed 52224K, reserved 1095680K
  class space    used 5868K, capacity 6084K, committed 6144K, reserved 1048576K
GC Heap History (12 events):
Event: 1.402 GC heap before
{Heap before GC invocations=0 (full 0):
 garbage-first heap   total 126976K, used 17408K [0x0000000085c00000, 0x0000000100000000)
  region size 1024K, 14 young (14336K), 0 survivors (0K)
 Metaspace       used 9836K, capacity 9938K, committed 10112K, reserved 1058816K
  class space    used 839K, capacity 885K, committed 896K, reserved 1048576K
}
Event: 1.405 GC heap after
{Heap after GC invocations=1 (full 0):
 garbage-first heap   total 126976K, used 5188K [0x0000000085c00000, 0x0000000100000000)
  region size 1024K, 2 young (2048K), 2 survivors (2048K)
 Metaspace       used 9836K, capacity 9938K, committed 10112K, reserved 1058816K
  class space    used 839K, capacity 885K, committed 896K, reserved 1048576K
}
Event: 3.848 GC heap before
{Heap before GC invocations=1 (full 0):
 garbage-first heap   total 126976K, used 50244K [0x0000000085c00000, 0x0000000100000000)
  region size 1024K, 47 young (48128K), 2 survivors (2048K)
 Metaspace       used 20775K, capacity 20990K, committed 21248K, reserved 1069056K
  class space    used 2199K, capacity 2280K, committed 2304K, reserved 1048576K
}
Event: 3.864 GC heap after
{Heap after GC invocations=2 (full 0):
 garbage-first heap   total 126976K, used 9202K [0x0000000085c00000, 0x0000000100000000)
  region size 1024K, 6 young (6144K), 6 survivors (6144K)
 Metaspace       used 20775K, capacity 20990K, committed 21248K, reserved 1069056K
  class space    used 2199K, capacity 2280K, committed 2304K, reserved 1048576K
}
Event: 6.882 GC heap before
{Heap before GC invocations=3 (full 0):
 garbage-first heap   total 126976K, used 63474K [0x0000000085c00000, 0x0000000100000000)
  region size 1024K, 54 young (55296K), 6 survivors (6144K)
 Metaspace       used 32057K, capacity 32500K, committed 32640K, reserved 1077248K
  class space    used 4014K, capacity 4214K, committed 4224K, reserved 1048576K
}
Event: 6.907 GC heap after
{Heap after GC invocations=4 (full 0):
 garbage-first heap   total 126976K, used 21191K [0x0000000085c00000, 0x0000000100000000)
  region size 1024K, 7 young (7168K), 7 survivors (7168K)
 Metaspace       used 32057K, capacity 32500K, committed 32640K, reserved 1077248K
  class space    used 4014K, capacity 4214K, committed 4224K, reserved 1048576K
}
Event: 7.295 GC heap before
{Heap before GC invocations=4 (full 0):
 garbage-first heap   total 126976K, used 34503K [0x0000000085c00000, 0x0000000100000000)
  region size 1024K, 21 young (21504K), 7 survivors (7168K)
 Metaspace       used 35042K, capacity 35456K, committed 35584K, reserved 1081344K
  class space    used 4337K, capacity 4538K, committed 4608K, reserved 1048576K
}
Event: 7.309 GC heap after
{Heap after GC invocations=5 (full 0):
 garbage-first heap   total 126976K, used 22860K [0x0000000085c00000, 0x0000000100000000)
  region size 1024K, 2 young (2048K), 2 survivors (2048K)
 Metaspace       used 35042K, capacity 35456K, committed 35584K, reserved 1081344K
  class space    used 4337K, capacity 4538K, committed 4608K, reserved 1048576K
}
Event: 10.152 GC heap before
{Heap before GC invocations=6 (full 0):
 garbage-first heap   total 126976K, used 77132K [0x0000000085c00000, 0x0000000100000000)
  region size 1024K, 55 young (56320K), 2 survivors (2048K)
 Metaspace       used 46115K, capacity 46647K, committed 46976K, reserved 1091584K
  class space    used 5472K, capacity 5682K, committed 5760K, reserved 1048576K
}
Event: 10.167 GC heap after
{Heap after GC invocations=7 (full 0):
 garbage-first heap   total 126976K, used 27503K [0x0000000085c00000, 0x0000000100000000)
  region size 1024K, 7 young (7168K), 7 survivors (7168K)
 Metaspace       used 46115K, capacity 46647K, committed 46976K, reserved 1091584K
  class space    used 5472K, capacity 5682K, committed 5760K, reserved 1048576K
}
Event: 13.113 GC heap before
{Heap before GC invocations=7 (full 0):
 garbage-first heap   total 126976K, used 84847K [0x0000000085c00000, 0x0000000100000000)
  region size 1024K, 62 young (63488K), 7 survivors (7168K)
 Metaspace       used 49967K, capacity 50522K, committed 50816K, reserved 1093632K
  class space    used 5744K, capacity 5946K, committed 6016K, reserved 1048576K
}
Event: 13.142 GC heap after
{Heap after GC invocations=8 (full 0):
 garbage-first heap   total 126976K, used 34636K [0x0000000085c00000, 0x0000000100000000)
  region size 1024K, 7 young (7168K), 7 survivors (7168K)
 Metaspace       used 49967K, capacity 50522K, committed 50816K, reserved 1093632K
  class space    used 5744K, capacity 5946K, committed 6016K, reserved 1048576K
}

